<?xml version="1.0" encoding="UTF-8"?>
<testsuite xmlns:xsi="http://www.w3.org/2001/XMLSchema-instance" xsi:noNamespaceSchemaLocation="https://maven.apache.org/surefire/maven-surefire-plugin/xsd/surefire-test-report-3.0.xsd" version="3.0" name="ch.nag.techbrunch.awslambda.HelloApiTest" time="0.287" tests="3" errors="0" skipped="0" failures="0">
  <properties>
    <property name="java.specification.version" value="21"/>
    <property name="sun.cpu.isalist" value="amd64"/>
    <property name="sun.jnu.encoding" value="Cp1252"/>
    <property name="java.class.path" value="C:\_PID\dev\playground\techbrunch\techbrunch-aws-lambda\aws-lambda-java\target\test-classes;C:\_PID\dev\playground\techbrunch\techbrunch-aws-lambda\aws-lambda-java\target\classes;C:\_pid\data\maven\repository\com\amazonaws\aws-lambda-java-core\1.2.3\aws-lambda-java-core-1.2.3.jar;C:\_pid\data\maven\repository\com\amazonaws\aws-lambda-java-events\3.14.0\aws-lambda-java-events-3.14.0.jar;C:\_pid\data\maven\repository\joda-time\joda-time\2.10.8\joda-time-2.10.8.jar;C:\_pid\data\maven\repository\org\slf4j\slf4j-nop\2.0.13\slf4j-nop-2.0.13.jar;C:\_pid\data\maven\repository\org\slf4j\slf4j-api\2.0.13\slf4j-api-2.0.13.jar;C:\_pid\data\maven\repository\com\fasterxml\jackson\core\jackson-databind\2.18.0\jackson-databind-2.18.0.jar;C:\_pid\data\maven\repository\com\fasterxml\jackson\core\jackson-annotations\2.18.0\jackson-annotations-2.18.0.jar;C:\_pid\data\maven\repository\com\fasterxml\jackson\core\jackson-core\2.18.0\jackson-core-2.18.0.jar;C:\_pid\data\maven\repository\org\junit\jupiter\junit-jupiter-api\5.10.3\junit-jupiter-api-5.10.3.jar;C:\_pid\data\maven\repository\org\opentest4j\opentest4j\1.3.0\opentest4j-1.3.0.jar;C:\_pid\data\maven\repository\org\junit\platform\junit-platform-commons\1.10.3\junit-platform-commons-1.10.3.jar;C:\_pid\data\maven\repository\org\apiguardian\apiguardian-api\1.1.2\apiguardian-api-1.1.2.jar;C:\_pid\data\maven\repository\org\mockito\mockito-core\5.11.0\mockito-core-5.11.0.jar;C:\_pid\data\maven\repository\net\bytebuddy\byte-buddy\1.14.12\byte-buddy-1.14.12.jar;C:\_pid\data\maven\repository\net\bytebuddy\byte-buddy-agent\1.14.12\byte-buddy-agent-1.14.12.jar;C:\_pid\data\maven\repository\org\objenesis\objenesis\3.3\objenesis-3.3.jar;"/>
    <property name="java.vm.vendor" value="Eclipse Adoptium"/>
    <property name="sun.arch.data.model" value="64"/>
    <property name="user.variant" value=""/>
    <property name="java.vendor.url" value="https://adoptium.net/"/>
    <property name="user.timezone" value="Europe/Zurich"/>
    <property name="user.country.format" value="CH"/>
    <property name="os.name" value="Windows 11"/>
    <property name="java.vm.specification.version" value="21"/>
    <property name="sun.java.launcher" value="SUN_STANDARD"/>
    <property name="user.country" value="US"/>
    <property name="sun.boot.library.path" value="C:\Users\pid.NAGINTERN\.jdks\temurin-21.0.4\bin"/>
    <property name="sun.java.command" value="C:\Users\pid.NAGINTERN\AppData\Local\Temp\surefire13423006546854592573\surefirebooter-20241024221714652_3.jar C:\Users\pid.NAGINTERN\AppData\Local\Temp\surefire13423006546854592573 2024-10-24T22-17-14_308-jvmRun1 surefire-20241024221714652_1tmp surefire_0-20241024221714652_2tmp"/>
    <property name="jdk.debug" value="release"/>
    <property name="surefire.test.class.path" value="C:\_PID\dev\playground\techbrunch\techbrunch-aws-lambda\aws-lambda-java\target\test-classes;C:\_PID\dev\playground\techbrunch\techbrunch-aws-lambda\aws-lambda-java\target\classes;C:\_pid\data\maven\repository\com\amazonaws\aws-lambda-java-core\1.2.3\aws-lambda-java-core-1.2.3.jar;C:\_pid\data\maven\repository\com\amazonaws\aws-lambda-java-events\3.14.0\aws-lambda-java-events-3.14.0.jar;C:\_pid\data\maven\repository\joda-time\joda-time\2.10.8\joda-time-2.10.8.jar;C:\_pid\data\maven\repository\org\slf4j\slf4j-nop\2.0.13\slf4j-nop-2.0.13.jar;C:\_pid\data\maven\repository\org\slf4j\slf4j-api\2.0.13\slf4j-api-2.0.13.jar;C:\_pid\data\maven\repository\com\fasterxml\jackson\core\jackson-databind\2.18.0\jackson-databind-2.18.0.jar;C:\_pid\data\maven\repository\com\fasterxml\jackson\core\jackson-annotations\2.18.0\jackson-annotations-2.18.0.jar;C:\_pid\data\maven\repository\com\fasterxml\jackson\core\jackson-core\2.18.0\jackson-core-2.18.0.jar;C:\_pid\data\maven\repository\org\junit\jupiter\junit-jupiter-api\5.10.3\junit-jupiter-api-5.10.3.jar;C:\_pid\data\maven\repository\org\opentest4j\opentest4j\1.3.0\opentest4j-1.3.0.jar;C:\_pid\data\maven\repository\org\junit\platform\junit-platform-commons\1.10.3\junit-platform-commons-1.10.3.jar;C:\_pid\data\maven\repository\org\apiguardian\apiguardian-api\1.1.2\apiguardian-api-1.1.2.jar;C:\_pid\data\maven\repository\org\mockito\mockito-core\5.11.0\mockito-core-5.11.0.jar;C:\_pid\data\maven\repository\net\bytebuddy\byte-buddy\1.14.12\byte-buddy-1.14.12.jar;C:\_pid\data\maven\repository\net\bytebuddy\byte-buddy-agent\1.14.12\byte-buddy-agent-1.14.12.jar;C:\_pid\data\maven\repository\org\objenesis\objenesis\3.3\objenesis-3.3.jar;"/>
    <property name="sun.cpu.endian" value="little"/>
    <property name="user.home" value="C:\Users\pid.NAGINTERN"/>
    <property name="user.language" value="en"/>
    <property name="java.specification.vendor" value="Oracle Corporation"/>
    <property name="java.version.date" value="2024-07-16"/>
    <property name="java.home" value="C:\Users\pid.NAGINTERN\.jdks\temurin-21.0.4"/>
    <property name="file.separator" value="\"/>
    <property name="basedir" value="C:\_PID\dev\playground\techbrunch\techbrunch-aws-lambda\aws-lambda-java"/>
    <property name="java.vm.compressedOopsMode" value="Zero based"/>
    <property name="line.separator" value="&#10;"/>
    <property name="java.vm.specification.vendor" value="Oracle Corporation"/>
    <property name="java.specification.name" value="Java Platform API Specification"/>
    <property name="surefire.real.class.path" value="C:\Users\pid.NAGINTERN\AppData\Local\Temp\surefire13423006546854592573\surefirebooter-20241024221714652_3.jar"/>
    <property name="user.script" value=""/>
    <property name="sun.management.compiler" value="HotSpot 64-Bit Tiered Compilers"/>
    <property name="java.runtime.version" value="21.0.4+7-LTS"/>
    <property name="user.name" value="PichotDavid"/>
    <property name="stdout.encoding" value="Cp1252"/>
    <property name="path.separator" value=";"/>
    <property name="os.version" value="10.0"/>
    <property name="java.runtime.name" value="OpenJDK Runtime Environment"/>
    <property name="file.encoding" value="UTF-8"/>
    <property name="java.vm.name" value="OpenJDK 64-Bit Server VM"/>
    <property name="java.vendor.version" value="Temurin-21.0.4+7"/>
    <property name="localRepository" value="C:\_pid\data\maven\repository"/>
    <property name="java.vendor.url.bug" value="https://github.com/adoptium/adoptium-support/issues"/>
    <property name="java.io.tmpdir" value="C:\Users\PID~1.NAG\AppData\Local\Temp\"/>
    <property name="idea.version" value="2024.2.4"/>
    <property name="java.version" value="21.0.4"/>
    <property name="user.dir" value="C:\_PID\dev\playground\techbrunch\techbrunch-aws-lambda\aws-lambda-java"/>
    <property name="os.arch" value="amd64"/>
    <property name="java.vm.specification.name" value="Java Virtual Machine Specification"/>
    <property name="user.language.format" value="de"/>
    <property name="sun.os.patch.level" value=""/>
    <property name="native.encoding" value="Cp1252"/>
    <property name="java.library.path" value="C:\Users\pid.NAGINTERN\.jdks\temurin-21.0.4\bin;C:\WINDOWS\Sun\Java\bin;C:\WINDOWS\system32;C:\WINDOWS;C:\Program Files\Eclipse Adoptium\jdk-17.0.12.7-hotspot\bin;C:\Program Files\Microsoft SDKs\Azure\CLI2\wbin;C:\WINDOWS\system32;C:\WINDOWS;C:\WINDOWS\System32\Wbem;C:\WINDOWS\System32\WindowsPowerShell\v1.0\;C:\WINDOWS\System32\OpenSSH\;C:\Program Files\dotnet\;C:\_PID\tools\terraform;C:\Program Files\Kubernetes\Minikube;C:\Program Files\Red Hat OpenShift Local\;C:\_PID\tools\apache-maven-3.9.9\bin;C:\Program Files\GitHub CLI\;C:\Program Files\PowerShell\7\;C:\Program Files\Git\cmd;C:\Program Files\nodejs\;;C:\Program Files\Docker\Docker\resources\bin;C:\Users\pid.NAGINTERN\AppData\Local\Microsoft\WindowsApps;;C:\Users\pid.NAGINTERN\AppData\Local\Programs\Microsoft VS Code\bin;C:\Users\pid.NAGINTERN\AppData\Local\Programs\Azure Data Studio\bin;C:\Users\pid.NAGINTERN\AppData\Roaming\npm;."/>
    <property name="java.vm.info" value="mixed mode, sharing"/>
    <property name="stderr.encoding" value="Cp1252"/>
    <property name="java.vendor" value="Eclipse Adoptium"/>
    <property name="java.vm.version" value="21.0.4+7-LTS"/>
    <property name="sun.io.unicode.encoding" value="UnicodeLittle"/>
    <property name="java.class.version" value="65.0"/>
  </properties>
  <testcase name="handleRequest_validWeatherData_returnsModifiedWeatherData" classname="ch.nag.techbrunch.awslambda.HelloApiTest" time="0.252"/>
  <testcase name="handleRequest_emptyBody_returnsBadRequest" classname="ch.nag.techbrunch.awslambda.HelloApiTest" time="0.001"/>
  <testcase name="handleRequest_invalidJson_returnsBadRequest" classname="ch.nag.techbrunch.awslambda.HelloApiTest" time="0.001"/>
</testsuite>